
 ----------    gene expression cancer RNA-Seq Data Set     --------------

Loading Train Data...
X_train shape: (469, 20531) , Y_train shape: (469, 1)
Loading Test Data...
X_test shape: (332, 20531) , Y_test shape: (332, 1)
Encoding labels...

Data preprocessing started...
Checking for constant features...
Resampling with SMOTE & Tomek...
Updating train dataset and label with resampled data...
X_train shape: (732, 18433) , X_test shape: (332, 18433)
Data preprocessing completed.

	--- KNN Classifier Analysis ---
              precision    recall  f1-score   support

          -1       0.90      0.30      0.45       214
           1       1.00      0.97      0.98        29
           2       0.42      0.91      0.58        56
           3       0.28      0.97      0.44        33

    accuracy                           0.53       332
   macro avg       0.65      0.79      0.61       332
weighted avg       0.77      0.53      0.52       332

K Nearest Neighbors -> KMeans[2] Score: 52.41 %

	--- Neural Network Classifier Analysis ---
              precision    recall  f1-score   support

          -1       0.90      0.25      0.39       214
           1       0.96      0.93      0.95        29
           2       0.34      0.89      0.49        56
           3       0.26      0.76      0.39        33

    accuracy                           0.47       332
   macro avg       0.62      0.71      0.55       332
weighted avg       0.75      0.47      0.46       332

Neural Network -> KMeans[2] Score: 46.99 %

	--- Random Forest Classifier Analysis ---
              precision    recall  f1-score   support

          -1       0.95      0.95      0.95       214
           1       1.00      0.97      0.98        29
           2       0.85      0.98      0.91        56
           3       1.00      0.76      0.86        33

    accuracy                           0.94       332
   macro avg       0.95      0.91      0.93       332
weighted avg       0.94      0.94      0.94       332

Random Forest -> KMeans[2] Score: 93.98 %

	--- Kernel SVM (linear) Classifier Analysis ---
              precision    recall  f1-score   support

          -1       0.98      0.30      0.46       214
           1       1.00      1.00      1.00        29
           2       0.40      1.00      0.57        56
           3       0.33      0.97      0.49        33

    accuracy                           0.55       332
   macro avg       0.68      0.82      0.63       332
weighted avg       0.82      0.55      0.53       332

Kernel SVM (linear) -> KMeans[2] Score: 54.82 %

	--- Kernel SVM (poly) Classifier Analysis ---
              precision    recall  f1-score   support

          -1       0.98      0.47      0.63       214
           1       1.00      1.00      1.00        29
           2       0.40      1.00      0.57        56
           3       0.50      0.94      0.65        33

    accuracy                           0.65       332
   macro avg       0.72      0.85      0.71       332
weighted avg       0.84      0.65      0.66       332

Kernel SVM (poly) -> KMeans[2] Score: 65.06 %

	--- Kernel SVM (rbf) Classifier Analysis ---
              precision    recall  f1-score   support

          -1       0.97      0.59      0.73       214
           1       1.00      0.97      0.98        29
           2       0.41      1.00      0.58        56
           3       0.79      0.91      0.85        33

    accuracy                           0.72       332
   macro avg       0.79      0.87      0.79       332
weighted avg       0.86      0.72      0.74       332

Kernel SVM (rbf) -> KMeans[2] Score: 71.99 %

	--- Kernel SVM (sigmoid) Classifier Analysis ---
              precision    recall  f1-score   support

          -1       0.94      0.36      0.52       214
           1       1.00      0.97      0.98        29
           2       0.30      0.98      0.46        56
           3       0.73      0.91      0.81        33

    accuracy                           0.57       332
   macro avg       0.74      0.80      0.69       332
weighted avg       0.82      0.57      0.58       332

Kernel SVM (sigmoid) -> KMeans[2] Score: 56.02 %

